#
# There is insufficient memory for the Java Runtime Environment to continue.
# Native memory allocation (mmap) failed to map 1073741824 bytes for G1 virtual space
# Possible reasons:
#   The system is out of physical RAM or swap space
#   The process is running with CompressedOops enabled, and the Java Heap may be blocking the growth of the native heap
# Possible solutions:
#   Reduce memory load on the system
#   Increase physical memory or swap space
#   Check if swap backing store is full
#   Decrease Java heap size (-Xmx/-Xms)
#   Decrease number of Java threads
#   Decrease Java thread stack sizes (-Xss)
#   Set larger code cache with -XX:ReservedCodeCacheSize=
#   JVM is running with Zero Based Compressed Oops mode in which the Java heap is
#     placed in the first 32GB address space. The Java Heap base address is the
#     maximum limit for the native heap growth. Please use -XX:HeapBaseMinAddress
#     to set the Java Heap base and to place the Java Heap above 32GB virtual address.
# This output file may be truncated or incomplete.
#
#  Out of Memory Error (os_windows.cpp:3548), pid=35328, tid=37620
#
# JRE version:  (17.0.11+7) (build )
# Java VM: Java HotSpot(TM) 64-Bit Server VM (17.0.11+7-LTS-207, mixed mode, sharing, tiered, compressed oops, compressed class ptrs, g1 gc, windows-amd64)
# No core dump will be written. Minidumps are not enabled by default on client versions of Windows
#

---------------  S U M M A R Y ------------

Command Line: -Dsbe.target.language=uk.co.real_logic.sbe.generation.csharp.CSharp -Dsbe.errorLog=yes -Dsbe.output.dir=. sbe\sbe-all-1.33.1.jar sbe\schema.xml

Host: 12th Gen Intel(R) Core(TM) i9-12900, 24 cores, 63G,  Windows 11 , 64 bit Build 22621 (10.0.22621.4391)
Time: Thu Oct 31 15:39:44 2024 AUS Eastern Daylight Time elapsed time: 0.006897 seconds (0d 0h 0m 0s)

---------------  T H R E A D  ---------------

Current thread (0x000001ded6752190):  JavaThread "Unknown thread" [_thread_in_vm, id=37620, stack(0x0000002164a00000,0x0000002164b00000)]

Stack: [0x0000002164a00000,0x0000002164b00000]
Native frames: (J=compiled Java code, j=interpreted, Vv=VM code, C=native code)
V  [jvm.dll+0x679cca]
V  [jvm.dll+0x7da13d]
V  [jvm.dll+0x7dba83]
V  [jvm.dll+0x7dc0f3]
V  [jvm.dll+0x2449af]
V  [jvm.dll+0x676ce9]
V  [jvm.dll+0x66b852]
V  [jvm.dll+0x3018d6]
V  [jvm.dll+0x308e76]
V  [jvm.dll+0x3596ee]
V  [jvm.dll+0x35991f]
V  [jvm.dll+0x2d89a8]
V  [jvm.dll+0x2d9914]
V  [jvm.dll+0x7ac6b1]
V  [jvm.dll+0x366f61]
V  [jvm.dll+0x78b609]
V  [jvm.dll+0x3ec22f]
V  [jvm.dll+0x3ede61]
C  [jli.dll+0x5297]
C  [ucrtbase.dll+0x29333]
C  [KERNEL32.DLL+0x1259d]
C  [ntdll.dll+0x5af38]


---------------  P R O C E S S  ---------------

Threads class SMR info:
_java_thread_list=0x00007ff91dff7a18, length=0, elements={
}

Java Threads: ( => current thread )

Other Threads:
  0x000001ded6804ed0 GCTaskThread "GC Thread#0" [stack: 0x0000002164b00000,0x0000002164c00000] [id=60384]
  0x000001ded6771030 ConcurrentGCThread "G1 Main Marker" [stack: 0x0000002164c00000,0x0000002164d00000] [id=11292]
  0x000001ded6817a60 ConcurrentGCThread "G1 Conc#0" [stack: 0x0000002164d00000,0x0000002164e00000] [id=9396]

[error occurred during error reporting (printing all threads), id 0xc0000005, EXCEPTION_ACCESS_VIOLATION (0xc0000005) at pc=0x00007ff91d829497]

VM state: not at safepoint (not fully initialized)

VM Mutex/Monitor currently owned by a thread:  ([mutex/lock_event])
[0x000001ded674dda0] Heap_lock - owner thread: 0x000001ded6752190

Heap address: 0x0000000404800000, size: 16312 MB, Compressed Oops mode: Zero based, Oop shift amount: 3

CDS archive(s) mapped at: [0x0000000000000000-0x0000000000000000-0x0000000000000000), size 0, SharedBaseAddress: 0x0000000800000000, ArchiveRelocationMode: 1.
Narrow klass base: 0x0000000000000000, Narrow klass shift: 0, Narrow klass range: 0x0

GC Precious Log:
<Empty>

Heap:
 garbage-first heap   total 0K, used 0K [0x0000000404800000, 0x0000000800000000)
  region size 8192K, 0 young (0K), 0 survivors (0K)

[error occurred during error reporting (printing heap information), id 0xc0000005, EXCEPTION_ACCESS_VIOLATION (0xc0000005) at pc=0x00007ff91dc13559]

GC Heap History (0 events):
No events

Deoptimization events (0 events):
No events

Classes unloaded (0 events):
No events

Classes redefined (0 events):
No events

Internal exceptions (0 events):
No events

VM Operations (0 events):
No events

Events (1 events):
Event: 0.004 Loaded shared library C:\Program Files\Java\jdk-17\bin\java.dll


Dynamic libraries:
0x00007ff609240000 - 0x00007ff609250000 	C:\Program Files\Java\jdk-17\bin\java.exe
0x00007ff9b8930000 - 0x00007ff9b8b47000 	C:\WINDOWS\SYSTEM32\ntdll.dll
0x00007ff9b7500000 - 0x00007ff9b75c4000 	C:\WINDOWS\System32\KERNEL32.DLL
0x00007ff9b60b0000 - 0x00007ff9b6469000 	C:\WINDOWS\System32\KERNELBASE.dll
0x00007ff9b5ec0000 - 0x00007ff9b5fd1000 	C:\WINDOWS\System32\ucrtbase.dll
0x00007ff9ac5f0000 - 0x00007ff9ac609000 	C:\Program Files\Java\jdk-17\bin\jli.dll
0x00007ff9ac410000 - 0x00007ff9ac42b000 	C:\Program Files\Java\jdk-17\bin\VCRUNTIME140.dll
0x00007ff9b86b0000 - 0x00007ff9b8762000 	C:\WINDOWS\System32\ADVAPI32.dll
0x00007ff9b7d10000 - 0x00007ff9b7db7000 	C:\WINDOWS\System32\msvcrt.dll
0x00007ff9b7b00000 - 0x00007ff9b7ba7000 	C:\WINDOWS\System32\sechost.dll
0x00007ff9b5c30000 - 0x00007ff9b5c58000 	C:\WINDOWS\System32\bcrypt.dll
0x00007ff9b6900000 - 0x00007ff9b6a14000 	C:\WINDOWS\System32\RPCRT4.dll
0x00007ff9b6a20000 - 0x00007ff9b6bce000 	C:\WINDOWS\System32\USER32.dll
0x00007ff9b5fe0000 - 0x00007ff9b6006000 	C:\WINDOWS\System32\win32u.dll
0x00007ff9870b0000 - 0x00007ff987342000 	C:\WINDOWS\WinSxS\amd64_microsoft.windows.common-controls_6595b64144ccf1df_6.0.22621.4391_none_2715d37f73803e96\COMCTL32.dll
0x00007ff9b7620000 - 0x00007ff9b7649000 	C:\WINDOWS\System32\GDI32.dll
0x00007ff9b6470000 - 0x00007ff9b658b000 	C:\WINDOWS\System32\gdi32full.dll
0x00007ff9b6010000 - 0x00007ff9b60aa000 	C:\WINDOWS\System32\msvcp_win.dll
0x00007ff9b06c0000 - 0x00007ff9b06ca000 	C:\WINDOWS\SYSTEM32\VERSION.dll
0x00007ff9b8830000 - 0x00007ff9b8861000 	C:\WINDOWS\System32\IMM32.DLL
0x00007ff9acad0000 - 0x00007ff9acadc000 	C:\Program Files\Java\jdk-17\bin\vcruntime140_1.dll
0x00007ff96d760000 - 0x00007ff96d7ee000 	C:\Program Files\Java\jdk-17\bin\msvcp140.dll
0x00007ff91d540000 - 0x00007ff91e120000 	C:\Program Files\Java\jdk-17\bin\server\jvm.dll
0x00007ff9b8770000 - 0x00007ff9b8778000 	C:\WINDOWS\System32\PSAPI.DLL
0x00007ff94b870000 - 0x00007ff94b879000 	C:\WINDOWS\SYSTEM32\WSOCK32.dll
0x00007ff9a9fd0000 - 0x00007ff9aa004000 	C:\WINDOWS\SYSTEM32\WINMM.dll
0x00007ff9b8870000 - 0x00007ff9b88e1000 	C:\WINDOWS\System32\WS2_32.dll
0x00007ff9b4d20000 - 0x00007ff9b4d38000 	C:\WINDOWS\SYSTEM32\kernel.appcore.dll
0x00007ff9ac7d0000 - 0x00007ff9ac7da000 	C:\Program Files\Java\jdk-17\bin\jimage.dll
0x00007ff9b3410000 - 0x00007ff9b3642000 	C:\WINDOWS\SYSTEM32\DBGHELP.DLL
0x00007ff9b7f20000 - 0x00007ff9b82af000 	C:\WINDOWS\System32\combase.dll
0x00007ff9b8420000 - 0x00007ff9b84f7000 	C:\WINDOWS\System32\OLEAUT32.dll
0x00007ff9ad4e0000 - 0x00007ff9ad512000 	C:\WINDOWS\SYSTEM32\dbgcore.DLL
0x00007ff9b5e40000 - 0x00007ff9b5ebb000 	C:\WINDOWS\System32\bcryptPrimitives.dll
0x00007ff9ab970000 - 0x00007ff9ab995000 	C:\Program Files\Java\jdk-17\bin\java.dll

dbghelp: loaded successfully - version: 4.0.5 - missing functions: none
symbol engine: initialized successfully - sym options: 0x614 - pdb path: .;C:\Program Files\Java\jdk-17\bin;C:\WINDOWS\SYSTEM32;C:\WINDOWS\WinSxS\amd64_microsoft.windows.common-controls_6595b64144ccf1df_6.0.22621.4391_none_2715d37f73803e96;C:\Program Files\Java\jdk-17\bin\server

VM Arguments:
jvm_args: -Dsbe.target.language=uk.co.real_logic.sbe.generation.csharp.CSharp -Dsbe.errorLog=yes -Dsbe.output.dir=. 
java_command: sbe\sbe-all-1.33.1.jar sbe\schema.xml
java_class_path (initial): sbe\sbe-all-1.33.1.jar
Launcher Type: SUN_STANDARD

[Global flags]
     intx CICompilerCount                          = 12                                        {product} {ergonomic}
     uint ConcGCThreads                            = 5                                         {product} {ergonomic}
     uint G1ConcRefinementThreads                  = 18                                        {product} {ergonomic}
   size_t G1HeapRegionSize                         = 8388608                                   {product} {ergonomic}
    uintx GCDrainStackTargetSize                   = 64                                        {product} {ergonomic}
   size_t InitialHeapSize                          = 1073741824                                {product} {ergonomic}
   size_t MarkStackSize                            = 4194304                                   {product} {ergonomic}
   size_t MaxHeapSize                              = 17104371712                               {product} {ergonomic}
   size_t MinHeapDeltaBytes                        = 8388608                                   {product} {ergonomic}
   size_t MinHeapSize                              = 8388608                                   {product} {ergonomic}
    uintx NonNMethodCodeHeapSize                   = 7602480                                {pd product} {ergonomic}
    uintx NonProfiledCodeHeapSize                  = 122027880                              {pd product} {ergonomic}
    uintx ProfiledCodeHeapSize                     = 122027880                              {pd product} {ergonomic}
    uintx ReservedCodeCacheSize                    = 251658240                              {pd product} {ergonomic}
     bool SegmentedCodeCache                       = true                                      {product} {ergonomic}
   size_t SoftMaxHeapSize                          = 17104371712                            {manageable} {ergonomic}
     bool UseCompressedClassPointers               = true                           {product lp64_product} {ergonomic}
     bool UseCompressedOops                        = true                           {product lp64_product} {ergonomic}
     bool UseG1GC                                  = true                                      {product} {ergonomic}
     bool UseLargePagesIndividualAllocation        = false                                  {pd product} {ergonomic}

Logging:
Log output configuration:
 #0: stdout all=warning uptime,level,tags
 #1: stderr all=off uptime,level,tags

Environment Variables:
JAVA_HOME=C:\Program Files\Java\jdk-11
PATH=C:\Program Files\Common Files\Oracle\Java\javapath;C:\Program Files (x86)\Common Files\Oracle\Java\java8path;C:\Program Files (x86)\Common Files\Oracle\Java\javapath;C:\Windows\system32;C:\Windows;C:\Windows\System32\Wbem;C:\Windows\System32\WindowsPowerShell\v1.0\;C:\Windows\System32\OpenSSH\;C:\WINDOWS\system32;C:\WINDOWS;C:\WINDOWS\System32\Wbem;C:\WINDOWS\System32\WindowsPowerShell\v1.0\;C:\WINDOWS\System32\OpenSSH\;C:\Program Files\PostgreSQL\14\bin;C:\Program Files (x86)\NetSarang\Xshell 7\;C:\Users\azhu\AppData\Local\Programs\Python\Python310;C:\Users\azhu\AppData\Local\Programs\Python\Python310\Scripts;C:\WINDOWS\system32;C:\WINDOWS;C:\WINDOWS\System32\Wbem;C:\WINDOWS\System32\WindowsPowerShell\v1.0\;C:\WINDOWS\System32\OpenSSH\;C:\Program Files\dotnet\;C:\Program Files\PuTTY\;C:\Program Files\Microsoft SQL Server\150\Tools\Binn\;C:\Program Files (x86)\NetSarang\Xshell 8\;C:\Program Files\Git\cmd;C:\Program Files\PowerShell\7\;C:\Users\azhu\AppData\Local\Programs\Python\Python312\Scripts\;C:\Users\azhu\AppData\Local\Programs\Python\Python312\;C:\Users\azhu\AppData\Local\Microsoft\WindowsApps;C:\Users\azhu\AppData\Local\GitHubDesktop\bin;C:\Users\azhu\.dotnet\tools;C:\Users\azhu\AppData\Local\JetBrains\Toolbox\scripts;C:\Users\azhu\.dotnet\tools;D:\chrome-win64;C:\Program Files\apache-maven-3.9.8\bin;
USERNAME=azhu
OS=Windows_NT
PROCESSOR_IDENTIFIER=Intel64 Family 6 Model 151 Stepping 2, GenuineIntel



---------------  S Y S T E M  ---------------

OS:
 Windows 11 , 64 bit Build 22621 (10.0.22621.4391)
OS uptime: 7 days 15:08 hours
Hyper-V role detected

CPU: total 24 (initial active 24) (12 cores per cpu, 2 threads per core) family 6 model 151 stepping 2 microcode 0x26, cx8, cmov, fxsr, ht, mmx, 3dnowpref, sse, sse2, sse3, ssse3, sse4.1, sse4.2, popcnt, lzcnt, tsc, tscinvbit, avx, avx2, aes, erms, clmul, bmi1, bmi2, adx, sha, fma, vzeroupper, clflush, clflushopt, clwb, hv

Memory: 4k page, system-wide physical 65224M (1732M free)
TotalPageFile size 99432M (AvailPageFile size 597M)
current process WorkingSet (physical memory assigned to process): 12M, peak: 12M
current process commit charge ("private bytes"): 82M, peak: 1105M

vm_info: Java HotSpot(TM) 64-Bit Server VM (17.0.11+7-LTS-207) for windows-amd64 JRE (17.0.11+7-LTS-207), built on Mar 11 2024 19:01:50 by "mach5one" with MS VC++ 17.6 (VS2022)

END.
